Build started 23/04/2015 5:11:18 PM.
     1>Project "C:\Users\cdorman\Desktop\network-chat\ChatProgram\ChatProgram.vcxproj" on node 2 (Build target(s)).
     1>ClCompile:
         C:\Program Files (x86)\Microsoft Visual Studio 12.0\VC\bin\CL.exe /c /ICryptoPP /Zi /nologo /W3 /WX- /sdl /O2 /Oi /Oy- /GL /D WIN32 /D NDEBUG /D _CONSOLE /D _LIB /D _MBCS /Gm- /EHsc /MD /GS /Gy /fp:precise /Zc:wchar_t /Zc:forScope /Fo"Release\\" /Fd"Release\vc120.pdb" /Gd /TP /analyze- /errorReport:prompt CBE.cpp ChatParser.cpp CommandManager.cpp Encrypter.cpp IniManager.cpp IPAddress.cpp Logger.cpp main.cpp MurmurHash3.cpp PacketHandler.cpp Pending.cpp Room.cpp Server.cpp SocketWrapper.cpp User.cpp
         CBE.cpp
         ChatParser.cpp
         CommandManager.cpp
         Encrypter.cpp
         IniManager.cpp
         IPAddress.cpp
         Logger.cpp
         main.cpp
         MurmurHash3.cpp
         PacketHandler.cpp
         Pending.cpp
         Room.cpp
         Server.cpp
         SocketWrapper.cpp
         User.cpp
       Link:
         C:\Program Files (x86)\Microsoft Visual Studio 12.0\VC\bin\link.exe /ERRORREPORT:PROMPT /OUT:"C:\Users\cdorman\Desktop\network-chat\Release\ChatProgram.exe" /INCREMENTAL:NO /NOLOGO ws2_32.lib kernel32.lib user32.lib gdi32.lib winspool.lib comdlg32.lib advapi32.lib shell32.lib ole32.lib oleaut32.lib uuid.lib odbc32.lib odbccp32.lib /MANIFEST /MANIFESTUAC:"level='asInvoker' uiAccess='false'" /manifest:embed /DEBUG /PDB:"C:\Users\cdorman\Desktop\network-chat\Release\ChatProgram.pdb" /SUBSYSTEM:CONSOLE /OPT:REF /OPT:ICF /LTCG /TLBID:1 /DYNAMICBASE /NXCOMPAT /IMPLIB:"C:\Users\cdorman\Desktop\network-chat\Release\ChatProgram.lib" /MACHINE:X86 /SAFESEH Release\CBE.obj
         Release\ChatParser.obj
         Release\CommandManager.obj
         Release\Encrypter.obj
         Release\IniManager.obj
         Release\IPAddress.obj
         Release\Logger.obj
         Release\main.obj
         Release\MurmurHash3.obj
         Release\PacketHandler.obj
         Release\Pending.obj
         Release\Room.obj
         Release\Server.obj
         Release\SocketWrapper.obj
         Release\User.obj
         Generating code
         Finished generating code
         ChatProgram.vcxproj -> C:\Users\cdorman\Desktop\network-chat\Release\ChatProgram.exe
     1>Done Building Project "C:\Users\cdorman\Desktop\network-chat\ChatProgram\ChatProgram.vcxproj" (Build target(s)).

Build succeeded.

Time Elapsed 00:00:06.32
